<?xml version="1.0" encoding="UTF-8"?>
<testsuites name="Regression Test" time="22.031" tests="6" failures="0" errors="0">
   <testsuite name="Regression Test" tests="6" failures="0" errors="0" time="22.031" skipped="0" timestamp="2022-07-17 12:42:01" hostname="pahmi - LAPTOP-KVTLME53" id="Test Suites/Regression Test">
      <properties>
         <property name="deviceName" value=""/>
         <property name="devicePlatform" value=""/>
         <property name="logFolder" value="C:\\Users\\pahmi\\git\\Katalon-Rest-API-Testing\\Reports\\20220717_124153\\Regression Test\\20220717_124153"/>
         <property name="logFiles" value="C:\\Users\\pahmi\\git\\Katalon-Rest-API-Testing\\Reports\\20220717_124153\\Regression Test\\20220717_124153\\execution0.log"/>
         <property name="attachments" value=""/>
         <property name="hostName" value="pahmi - LAPTOP-KVTLME53"/>
         <property name="hostAddress" value="192.168.100.85"/>
         <property name="os" value="Windows 10 64bit"/>
         <property name="katalonVersion" value="8.3.5.208"/>
      </properties>
      <testcase name="Test Cases/GET/TC01 - Validation response and Verify JSON Value" time="7.272" classname="Test Cases/GET/TC01 - Validation response and Verify JSON Value" status="PASSED">
         <system-out><![CDATA[2022-07-17 12:42:01 - [TEST_CASE][PASSED] - Test Cases/GET/TC01 - Validation response and Verify JSON Value: Test Cases/GET/TC01 - Validation response and Verify JSON Value

2022-07-17 12:42:02 - [TEST_STEP][PASSED] - sendRequest(findTestObject("GET/Get List User")): Send request successfully

2022-07-17 12:42:07 - [MESSAGE][INFO] - HAR: C:\Users\pahmi\git\Katalon-Rest-API-Testing\Reports\20220717_124153\Regression Test\20220717_124153\requests\main\0.har

2022-07-17 12:42:07 - [MESSAGE][PASSED] - Send request successfully

2022-07-17 12:42:07 - [TEST_STEP][PASSED] - response = sendRequestAndVerify(findTestObject("GET/Get LIst User")): Send request and verify the response successfully

2022-07-17 12:42:07 - [MESSAGE][INFO] - HAR: C:\Users\pahmi\git\Katalon-Rest-API-Testing\Reports\20220717_124153\Regression Test\20220717_124153\requests\main\1.har

2022-07-17 12:42:07 - [TEST_CASE][PASSED] - Start Test Case : Verification: Verification accomplished successfully

2022-07-17 12:42:08 - [TEST_STEP][PASSED] - request = getInstance().getCurrentRequest(): null

2022-07-17 12:42:08 - [TEST_STEP][PASSED] - response = getInstance().getCurrentResponse(): null

2022-07-17 12:42:08 - [TEST_STEP][PASSED] - verifyResponseStatusCode(response, 200): Verify response status code successfully

2022-07-17 12:42:08 - [MESSAGE][PASSED] - Verify response status code successfully

2022-07-17 12:42:08 - [TEST_STEP][PASSED] - getStatusCode()).isEqualTo(200): null

2022-07-17 12:42:08 - [TEST_STEP][PASSED] - getStatusCode()).isIn(Arrays.asList(200, 201, 202)): null

2022-07-17 12:42:08 - [TEST_STEP][PASSED] - verifyElementPropertyValue(response, "data[4].first_name", "Charles"): Verify element property value successfully

2022-07-17 12:42:08 - [MESSAGE][PASSED] - Verify element property value successfully

2022-07-17 12:42:08 - [MESSAGE][PASSED] - Verify response successfully

2022-07-17 12:42:08 - [MESSAGE][PASSED] - Send request and verify the response successfully

2022-07-17 12:42:08 - [TEST_STEP][PASSED] - verifyResponseStatusCode(response, 200): Verify response status code successfully

2022-07-17 12:42:08 - [MESSAGE][PASSED] - Verify response status code successfully

2022-07-17 12:42:08 - [TEST_STEP][PASSED] - verifyElementPropertyValue(response, "data[4].first_name", "Charles"): Verify element property value successfully

2022-07-17 12:42:08 - [MESSAGE][PASSED] - Verify element property value successfully]]></system-out>
         <system-err><![CDATA[]]></system-err>
      </testcase>
      <testcase name="Test Cases/POST/TC01 - Validation Response Create User" time="2.68" classname="Test Cases/POST/TC01 - Validation Response Create User" status="PASSED">
         <system-out><![CDATA[2022-07-17 12:42:08 - [TEST_CASE][PASSED] - Test Cases/POST/TC01 - Validation Response Create User: Test Cases/POST/TC01 - Validation Response Create User

2022-07-17 12:42:09 - [TEST_STEP][PASSED] - sendRequest(findTestObject("POST/POST Create User")): Send request successfully

2022-07-17 12:42:10 - [MESSAGE][INFO] - HAR: C:\Users\pahmi\git\Katalon-Rest-API-Testing\Reports\20220717_124153\Regression Test\20220717_124153\requests\main\2.har

2022-07-17 12:42:10 - [MESSAGE][PASSED] - Send request successfully

2022-07-17 12:42:10 - [TEST_STEP][PASSED] - response = sendRequestAndVerify(findTestObject("POST/POST Create User")): Send request and verify the response successfully

2022-07-17 12:42:11 - [MESSAGE][INFO] - HAR: C:\Users\pahmi\git\Katalon-Rest-API-Testing\Reports\20220717_124153\Regression Test\20220717_124153\requests\main\3.har

2022-07-17 12:42:11 - [TEST_CASE][PASSED] - Start Test Case : Verification: Verification accomplished successfully

2022-07-17 12:42:11 - [TEST_STEP][PASSED] - request = getInstance().getCurrentRequest(): null

2022-07-17 12:42:11 - [TEST_STEP][PASSED] - response = getInstance().getCurrentResponse(): null

2022-07-17 12:42:11 - [TEST_STEP][PASSED] - verifyResponseStatusCode(response, 201): Verify response status code successfully

2022-07-17 12:42:11 - [MESSAGE][PASSED] - Verify response status code successfully

2022-07-17 12:42:11 - [TEST_STEP][PASSED] - getStatusCode()).isEqualTo(201): null

2022-07-17 12:42:11 - [TEST_STEP][PASSED] - getStatusCode()).isIn(Arrays.asList(200, 201, 202)): null

2022-07-17 12:42:11 - [MESSAGE][PASSED] - Verify response successfully

2022-07-17 12:42:11 - [MESSAGE][PASSED] - Send request and verify the response successfully

2022-07-17 12:42:11 - [TEST_STEP][PASSED] - verifyResponseStatusCode(response, 201): Verify response status code successfully

2022-07-17 12:42:11 - [MESSAGE][PASSED] - Verify response status code successfully]]></system-out>
         <system-err><![CDATA[]]></system-err>
      </testcase>
      <testcase name="Test Cases/POST/TC02 - Validation Response Register Successfull" time="2.819" classname="Test Cases/POST/TC02 - Validation Response Register Successfull" status="PASSED">
         <system-out><![CDATA[2022-07-17 12:42:11 - [TEST_CASE][PASSED] - Test Cases/POST/TC02 - Validation Response Register Successfull: Test Cases/POST/TC02 - Validation Response Register Successfull

2022-07-17 12:42:12 - [TEST_STEP][PASSED] - sendRequest(findTestObject("POST/POST Register Successfull")): Send request successfully

2022-07-17 12:42:13 - [MESSAGE][INFO] - HAR: C:\Users\pahmi\git\Katalon-Rest-API-Testing\Reports\20220717_124153\Regression Test\20220717_124153\requests\main\4.har

2022-07-17 12:42:13 - [MESSAGE][PASSED] - Send request successfully

2022-07-17 12:42:13 - [TEST_STEP][PASSED] - response = sendRequestAndVerify(findTestObject("POST/POST Register Successfull")): Send request and verify the response successfully

2022-07-17 12:42:14 - [MESSAGE][INFO] - HAR: C:\Users\pahmi\git\Katalon-Rest-API-Testing\Reports\20220717_124153\Regression Test\20220717_124153\requests\main\5.har

2022-07-17 12:42:14 - [TEST_CASE][PASSED] - Start Test Case : Verification: Verification accomplished successfully

2022-07-17 12:42:14 - [TEST_STEP][PASSED] - request = getInstance().getCurrentRequest(): null

2022-07-17 12:42:14 - [TEST_STEP][PASSED] - response = getInstance().getCurrentResponse(): null

2022-07-17 12:42:14 - [TEST_STEP][PASSED] - verifyResponseStatusCode(response, 200): Verify response status code successfully

2022-07-17 12:42:14 - [MESSAGE][PASSED] - Verify response status code successfully

2022-07-17 12:42:14 - [TEST_STEP][PASSED] - getStatusCode()).isEqualTo(200): null

2022-07-17 12:42:14 - [TEST_STEP][PASSED] - getStatusCode()).isIn(Arrays.asList(200, 201, 202)): null

2022-07-17 12:42:14 - [MESSAGE][PASSED] - Verify response successfully

2022-07-17 12:42:14 - [MESSAGE][PASSED] - Send request and verify the response successfully

2022-07-17 12:42:14 - [TEST_STEP][PASSED] - verifyResponseStatusCode(response, 200): Verify response status code successfully

2022-07-17 12:42:14 - [MESSAGE][PASSED] - Verify response status code successfully]]></system-out>
         <system-err><![CDATA[]]></system-err>
      </testcase>
      <testcase name="Test Cases/POST/TC03 - Validation Response Login Successfull" time="2.894" classname="Test Cases/POST/TC03 - Validation Response Login Successfull" status="PASSED">
         <system-out><![CDATA[2022-07-17 12:42:14 - [TEST_CASE][PASSED] - Test Cases/POST/TC03 - Validation Response Login Successfull: Test Cases/POST/TC03 - Validation Response Login Successfull

2022-07-17 12:42:15 - [TEST_STEP][PASSED] - sendRequest(findTestObject("POST/POST Login Successfull")): Send request successfully

2022-07-17 12:42:16 - [MESSAGE][INFO] - HAR: C:\Users\pahmi\git\Katalon-Rest-API-Testing\Reports\20220717_124153\Regression Test\20220717_124153\requests\main\6.har

2022-07-17 12:42:16 - [MESSAGE][PASSED] - Send request successfully

2022-07-17 12:42:16 - [TEST_STEP][PASSED] - response = sendRequestAndVerify(findTestObject("POST/POST Login Successfull")): Send request and verify the response successfully

2022-07-17 12:42:16 - [MESSAGE][INFO] - HAR: C:\Users\pahmi\git\Katalon-Rest-API-Testing\Reports\20220717_124153\Regression Test\20220717_124153\requests\main\7.har

2022-07-17 12:42:17 - [TEST_CASE][PASSED] - Start Test Case : Verification: Verification accomplished successfully

2022-07-17 12:42:17 - [TEST_STEP][PASSED] - request = getInstance().getCurrentRequest(): null

2022-07-17 12:42:17 - [TEST_STEP][PASSED] - response = getInstance().getCurrentResponse(): null

2022-07-17 12:42:17 - [TEST_STEP][PASSED] - verifyResponseStatusCode(response, 200): Verify response status code successfully

2022-07-17 12:42:17 - [MESSAGE][PASSED] - Verify response status code successfully

2022-07-17 12:42:17 - [TEST_STEP][PASSED] - getStatusCode()).isEqualTo(200): null

2022-07-17 12:42:17 - [TEST_STEP][PASSED] - getStatusCode()).isIn(Arrays.asList(200, 201, 202)): null

2022-07-17 12:42:17 - [MESSAGE][PASSED] - Verify response successfully

2022-07-17 12:42:17 - [MESSAGE][PASSED] - Send request and verify the response successfully

2022-07-17 12:42:17 - [TEST_STEP][PASSED] - verifyResponseStatusCode(response, 200): Verify response status code successfully

2022-07-17 12:42:17 - [MESSAGE][PASSED] - Verify response status code successfully]]></system-out>
         <system-err><![CDATA[]]></system-err>
      </testcase>
      <testcase name="Test Cases/PUT/TC01 - Validation Response Update User" time="2.856" classname="Test Cases/PUT/TC01 - Validation Response Update User" status="PASSED">
         <system-out><![CDATA[2022-07-17 12:42:17 - [TEST_CASE][PASSED] - Test Cases/PUT/TC01 - Validation Response Update User: Test Cases/PUT/TC01 - Validation Response Update User

2022-07-17 12:42:18 - [TEST_STEP][PASSED] - sendRequest(findTestObject("PUT/PUT Update User")): Send request successfully

2022-07-17 12:42:18 - [MESSAGE][INFO] - HAR: C:\Users\pahmi\git\Katalon-Rest-API-Testing\Reports\20220717_124153\Regression Test\20220717_124153\requests\main\8.har

2022-07-17 12:42:18 - [MESSAGE][PASSED] - Send request successfully

2022-07-17 12:42:19 - [TEST_STEP][PASSED] - response = sendRequestAndVerify(findTestObject("PUT/PUT Update User")): Send request and verify the response successfully

2022-07-17 12:42:19 - [MESSAGE][INFO] - HAR: C:\Users\pahmi\git\Katalon-Rest-API-Testing\Reports\20220717_124153\Regression Test\20220717_124153\requests\main\9.har

2022-07-17 12:42:19 - [TEST_CASE][PASSED] - Start Test Case : Verification: Verification accomplished successfully

2022-07-17 12:42:20 - [TEST_STEP][PASSED] - request = getInstance().getCurrentRequest(): null

2022-07-17 12:42:20 - [TEST_STEP][PASSED] - response = getInstance().getCurrentResponse(): null

2022-07-17 12:42:20 - [TEST_STEP][PASSED] - verifyResponseStatusCode(response, 200): Verify response status code successfully

2022-07-17 12:42:20 - [MESSAGE][PASSED] - Verify response status code successfully

2022-07-17 12:42:20 - [TEST_STEP][PASSED] - getStatusCode()).isEqualTo(200): null

2022-07-17 12:42:20 - [TEST_STEP][PASSED] - getStatusCode()).isIn(Arrays.asList(200, 201, 202)): null

2022-07-17 12:42:20 - [MESSAGE][PASSED] - Verify response successfully

2022-07-17 12:42:20 - [MESSAGE][PASSED] - Send request and verify the response successfully

2022-07-17 12:42:20 - [TEST_STEP][PASSED] - verifyResponseStatusCode(response, 200): Verify response status code successfully

2022-07-17 12:42:20 - [MESSAGE][PASSED] - Verify response status code successfully]]></system-out>
         <system-err><![CDATA[]]></system-err>
      </testcase>
      <testcase name="Test Cases/DELETE/TC01 - Validation Response Delete User" time="2.814" classname="Test Cases/DELETE/TC01 - Validation Response Delete User" status="PASSED">
         <system-out><![CDATA[2022-07-17 12:42:20 - [TEST_CASE][PASSED] - Test Cases/DELETE/TC01 - Validation Response Delete User: Test Cases/DELETE/TC01 - Validation Response Delete User

2022-07-17 12:42:21 - [TEST_STEP][PASSED] - sendRequest(findTestObject("DELETE/Delete User")): Send request successfully

2022-07-17 12:42:21 - [MESSAGE][INFO] - HAR: C:\Users\pahmi\git\Katalon-Rest-API-Testing\Reports\20220717_124153\Regression Test\20220717_124153\requests\main\10.har

2022-07-17 12:42:21 - [MESSAGE][PASSED] - Send request successfully

2022-07-17 12:42:21 - [TEST_STEP][PASSED] - response = sendRequestAndVerify(findTestObject("DELETE/Delete User")): Send request and verify the response successfully

2022-07-17 12:42:22 - [MESSAGE][INFO] - HAR: C:\Users\pahmi\git\Katalon-Rest-API-Testing\Reports\20220717_124153\Regression Test\20220717_124153\requests\main\11.har

2022-07-17 12:42:22 - [TEST_CASE][PASSED] - Start Test Case : Verification: Verification accomplished successfully

2022-07-17 12:42:23 - [TEST_STEP][PASSED] - request = getInstance().getCurrentRequest(): null

2022-07-17 12:42:23 - [TEST_STEP][PASSED] - response = getInstance().getCurrentResponse(): null

2022-07-17 12:42:23 - [TEST_STEP][PASSED] - verifyResponseStatusCode(response, 204): Verify response status code successfully

2022-07-17 12:42:23 - [MESSAGE][PASSED] - Verify response status code successfully

2022-07-17 12:42:23 - [TEST_STEP][PASSED] - getStatusCode()).isEqualTo(204): null

2022-07-17 12:42:23 - [TEST_STEP][PASSED] - getStatusCode()).isIn(Arrays.asList(200, 201, 202, 204)): null

2022-07-17 12:42:23 - [MESSAGE][PASSED] - Verify response successfully

2022-07-17 12:42:23 - [MESSAGE][PASSED] - Send request and verify the response successfully

2022-07-17 12:42:23 - [TEST_STEP][PASSED] - verifyResponseStatusCode(response, 204): Verify response status code successfully

2022-07-17 12:42:23 - [MESSAGE][PASSED] - Verify response status code successfully]]></system-out>
         <system-err><![CDATA[]]></system-err>
      </testcase>
      <system-out><![CDATA[2022-07-17 12:42:01 - [TEST_SUITE][PASSED] - Regression Test: Test Cases/DELETE/TC01 - Validation Response Delete User]]></system-out>
      <system-err><![CDATA[]]></system-err>
   </testsuite>
</testsuites>
